Running on host node31-030
Time is Sat Nov 11 13:25:55 GMT 2017
Directory is /panfs/panasas01/cosc/ts16802/CW2/newcw2
PBS job ID is 6311662.master.cm.cluster
------------------------------------
Matrix size:            1000x1000
Maximum iterations:     20000
Convergence threshold:  0.000100
------------------------------------
Solution error = 0.050051
Iterations     = 2957
Total runtime  = 0.167723 seconds
Solver runtime = 0.157752 seconds
------------------------------------
------------------------------------
Matrix size:            2000x2000
Maximum iterations:     20000
Convergence threshold:  0.000100
------------------------------------
Solution error = 0.099994
Iterations     = 5479
Total runtime  = 1.067581 seconds
Solver runtime = 1.029527 seconds
------------------------------------
------------------------------------
Matrix size:            4000x4000
Maximum iterations:     20000
Convergence threshold:  0.000100
------------------------------------
Solution error = 0.199863
Iterations     = 10040
Total runtime  = 19.199371 seconds
Solver runtime = 19.049485 seconds
------------------------------------
